<?xml version="1.0" encoding="UTF-8"?>
<!-- Generated by org.testng.reporters.JUnitReportReporter -->
<testsuite hostname="DESKTOP-97C6PSI" failures="0" tests="1" name="lambdatest.selenium101.AppTest" time="0.013" errors="0" timestamp="2025-03-08T13:29:58 IST" skipped="0">
  <testcase classname="lambdatest.selenium101.AppTest" name="shouldAnswerWithTrue" time="0.013"/>
</testsuite> <!-- lambdatest.selenium101.AppTest -->
