<?xml version="1.0" encoding="UTF-8"?>
<!-- Generated by org.testng.reporters.JUnitReportReporter -->
<testsuite hostname="DESKTOP-97C6PSI" failures="0" tests="3" name="lambdatest.selenium101.TestBase" time="45.825" errors="0" timestamp="2025-03-08T15:36:26 IST" skipped="0">
  <testcase classname="lambdatest.selenium101.TestBase" name="testScenario1" time="14.489"/>
  <testcase classname="lambdatest.selenium101.TestBase" name="testScenario2" time="12.737"/>
  <testcase classname="lambdatest.selenium101.TestBase" name="testScenario3" time="18.599"/>
</testsuite> <!-- lambdatest.selenium101.TestBase -->
